IQ-TREE multicore version 2.0.3 for Mac OS X 64-bit built Dec 19 2020
Developed by Bui Quang Minh, Nguyen Lam Tung, Olga Chernomor,
Heiko Schmidt, Dominik Schrempf, Michael Woodhams.

Host:    MacBook-Air-2.local (SSE4.2, 8 GB RAM)
Command: iqtree -s EA/Alignment/EA_combined_aligned.fasta -B 1000 -m GTR+F+R6 -nt AUTO
Seed:    135468 (Using SPRNG - Scalable Parallel Random Number Generator)
Time:    Tue Jun 11 21:51:41 2024
Kernel:  SSE2 - auto-detect threads (8 CPU cores detected)

Reading alignment file EA/Alignment/EA_combined_aligned.fasta ... Fasta format detected
Alignment most likely contains DNA/RNA sequences
Alignment has 933 sequences with 11935 columns, 7184 distinct patterns
4410 parsimony-informative, 964 singleton sites, 6561 constant sites
              Gap/Ambiguity  Composition  p-value
   1  AY500827       88.15%    passed     23.58%
   2  EU853573       88.66%    passed     71.10%
   3  EU853574       88.66%    passed     69.01%
   4  EU853575       88.66%    passed     73.20%
   5  EU853576       88.66%    passed     66.68%
   6  EU853577       88.66%    passed     64.33%
   7  EU853578       88.66%    passed     54.50%
   8  EU853579       88.66%    passed     54.58%
   9  EU853580       88.66%    passed     36.10%
  10  EU853581       88.66%    passed     37.79%
  11  GU798102       88.69%    passed     68.09%
  12  GU798103       88.69%    passed     76.67%
  13  GU798104       88.69%    passed     72.77%
  14  GU798105       88.69%    passed     74.66%
  15  GU798106       88.69%    passed     70.51%
  16  GU798107       88.69%    passed     58.21%
  17  GU798108       88.69%    passed     58.09%
  18  GU798113       88.69%    passed     47.49%
  19  GU798114       88.69%    passed     43.19%
  20  GU798115       88.69%    passed     45.73%
  21  GU798116       88.69%    passed     41.38%
  22  GU798117       88.69%    passed     39.59%
  23  GU798118       88.69%    passed     37.02%
  24  GU798119       88.69%    passed     35.42%
  25  GU798120       88.69%    passed     30.79%
  26  GU798121       88.69%    passed     35.42%
  27  GU798122       88.69%    passed     36.61%
  28  GU798123       88.69%    passed     33.46%
  29  GU798124       88.69%    passed     29.81%
  30  GU798127       88.69%    passed     47.59%
  31  GU798128       88.69%    passed     45.73%
  32  GU798129       88.69%    passed     47.37%
  33  GU798130       88.69%    passed     51.93%
  34  GU798131       88.69%    passed     47.37%
  35  GU798132       88.69%    passed     49.16%
  36  GU798133       88.69%    passed     49.16%
  37  GU798134       88.69%    passed     49.16%
  38  GU798135       88.69%    passed     47.37%
  39  GU798141       88.69%    passed     57.47%
  40  GU798144       88.69%    passed     44.06%
  41  GU798145       88.69%    passed     50.47%
  42  GU798146       88.69%    passed     54.96%
  43  GU798147       88.69%    passed     50.15%
  44  GU798148       88.69%    passed     43.19%
  45  GU798149       88.69%    passed     56.87%
  46  GU798150       88.69%    passed     54.96%
  47  GU798151       88.69%    passed     54.96%
  48  GU798152       88.69%    passed     52.87%
  49  GU798153       88.69%    passed     54.96%
  50  GU798154       88.69%    passed     54.96%
  51  GU798155       88.69%    passed     54.96%
  52  GU798156       88.69%    passed     57.10%
  53  GU798157       88.69%    passed     54.57%
  54  GU798158       88.69%    passed     54.57%
  55  GU798159       88.69%    passed     54.57%
  56  GU798160       88.69%    passed     54.57%
  57  GU798162       88.69%    passed     31.06%
  58  GU798163       88.69%    passed     37.02%
  59  GU798164       88.69%    passed     34.85%
  60  GU798165       88.69%    passed     32.42%
  61  GU798166       88.69%    passed     34.85%
  62  GU798167       88.69%    passed     28.79%
  63  GU798168       88.69%    passed     28.97%
  64  GU798169       88.69%    passed     28.79%
  65  GU798170       88.69%    passed     36.49%
  66  GU798171       88.69%    passed     36.49%
  67  GU798172       88.69%    passed     36.49%
  68  GU798173       88.69%    passed     36.49%
  69  GU798174       88.69%    passed     38.03%
  70  GU798175       88.69%    passed     36.49%
  71  GU798176       88.69%    passed     36.49%
  72  GU798177       88.69%    passed     34.85%
  73  GU798178       88.69%    passed     34.85%
  74  GU798179       88.69%    passed     36.49%
  75  GU798180       88.69%    passed     34.85%
  76  GU798181       88.69%    passed     36.49%
  77  GU798182       88.69%    passed     36.49%
  78  GU798183       88.69%    passed     44.06%
  79  GU798184       88.69%    passed     41.89%
  80  GU798185       88.69%    passed     48.23%
  81  GU798186       88.69%    passed     50.49%
  82  GU798187       88.69%    passed     41.44%
  83  GU798188       88.69%    passed     43.15%
  84  GU798189       88.69%    passed     35.12%
  85  GU798190       88.69%    passed     41.95%
  86  GU798191       88.69%    passed     39.86%
  87  GU798192       88.69%    passed     41.95%
  88  GU798193       88.69%    passed     46.06%
  89  GU798194       88.69%    passed     39.86%
  90  GU798195       88.69%    passed     39.86%
  91  GU798210       88.69%    passed     35.10%
  92  GU798211       88.69%    passed     37.00%
  93  GU798212       88.69%    passed     32.74%
  94  GU798213       88.69%    passed     37.02%
  95  GU798214       88.69%    passed     35.22%
  96  GU798215       88.69%    passed     39.69%
  97  GU798216       88.69%    passed     37.48%
  98  GU798217       88.69%    passed     35.33%
  99  GU798218       88.69%    passed     35.33%
 100  GU798219       88.69%    passed     37.48%
 101  GU798220       88.69%    passed     39.55%
 102  GU798221       88.69%    passed     37.48%
 103  GU798222       88.69%    passed     35.33%
 104  GU798223       88.69%    passed     35.22%
 105  GU798224       88.69%    passed     35.22%
 106  GU798225       88.69%    passed     35.22%
 107  GU798226       88.69%    passed     35.22%
 108  GU798227       88.69%    passed     37.48%
 109  GU798228       88.69%    passed     37.48%
 110  GU798229       88.69%    passed     41.51%
 111  GU798230       88.69%    passed     41.51%
 112  GU798267       88.69%    passed     54.58%
 113  GU798268       88.69%    passed     54.46%
 114  GU798269       88.69%    passed     54.46%
 115  GU798270       88.69%    passed     58.88%
 116  GU798271       88.69%    passed     59.93%
 117  GU798272       88.69%    passed     59.93%
 118  GU798298       88.69%    passed     59.11%
 119  GU798299       88.69%    passed     61.88%
 120  GU798300       88.69%    passed     70.48%
 121  GU798301       88.69%    passed     70.48%
 122  GU798302       88.69%    passed     68.51%
 123  GU798303       88.69%    passed     68.51%
 124  GU798304       88.69%    passed     70.48%
 125  GU798305       88.69%    passed     54.97%
 126  GU798306       88.69%    passed     63.49%
 127  GU798307       88.69%    passed     61.86%
 128  GU798308       88.69%    passed     59.57%
 129  GU798309       88.69%    passed     59.57%
 130  GU798310       88.69%    passed     64.11%
 131  GU798311       88.69%    passed     64.11%
 132  GU798312       88.69%    passed     46.10%
 133  GU798313       88.69%    passed     57.38%
 134  GU798314       88.69%    passed     61.86%
 135  GU798315       88.69%    passed     59.57%
 136  GU798316       88.69%    passed     65.09%
 137  GU798317       88.69%    passed     57.38%
 138  GU798318       88.69%    passed     63.95%
 139  GU798319       88.69%    passed     59.62%
 140  GU798320       88.69%    passed     61.66%
 141  GU798321       88.69%    passed     61.86%
 142  GU798322       88.69%    passed     57.18%
 143  GU798323       88.69%    passed     57.18%
 144  GU798324       88.69%    passed     57.38%
 145  GU798325       88.69%    passed     59.62%
 146  GU798326       88.69%    passed     61.66%
 147  GU798327       88.69%    passed     61.66%
 148  GU798328       88.69%    passed     63.49%
 149  GU798329       88.69%    passed     63.87%
 150  GU798330       88.69%    passed     61.86%
 151  GU798331       88.69%    passed     59.43%
 152  GU798332       88.69%    passed     63.95%
 153  GU798333       88.69%    passed     66.00%
 154  GU798334       88.69%    passed     61.86%
 155  GU798335       88.69%    passed     63.95%
 156  GU798336       88.69%    passed     63.87%
 157  GU798337       88.69%    passed     61.86%
 158  GU798338       88.69%    passed     61.86%
 159  GU798339       88.69%    passed     61.66%
 160  GU798340       88.69%    passed     61.66%
 161  GU798341       88.69%    passed     61.66%
 162  GU798342       88.69%    passed     59.17%
 163  GU798343       88.69%    passed     63.95%
 164  GU798344       88.69%    passed     63.95%
 165  GU798345       88.69%    passed     63.95%
 166  GU798346       88.69%    passed     63.95%
 167  GU798347       88.69%    passed     59.57%
 168  GU798348       88.69%    passed     61.86%
 169  GU798349       88.69%    passed     61.86%
 170  GU798350       88.69%    passed     61.86%
 171  GU798351       88.69%    passed     61.86%
 172  GU798352       88.69%    passed     61.86%
 173  GU798353       88.69%    passed     61.86%
 174  GU798354       88.69%    passed     66.29%
 175  GU798355       88.69%    passed     63.87%
 176  GU798356       88.69%    passed     61.86%
 177  GU798357       88.69%    passed     61.66%
 178  GU798358       88.69%    passed     59.57%
 179  GU798359       88.69%    passed     61.86%
 180  GU798360       88.69%    passed     59.57%
 181  GU798361       88.69%    passed     64.02%
 182  GU798362       88.69%    passed     61.53%
 183  GU798363       88.69%    passed     61.86%
 184  GU798364       88.69%    passed     61.86%
 185  GU798365       88.69%    passed     61.86%
 186  GU798366       88.69%    passed     61.86%
 187  GU798367       88.69%    passed     61.86%
 188  GU798368       88.69%    passed     61.86%
 189  GU798369       88.69%    passed     71.29%
 190  GU798371       88.69%    passed     69.34%
 191  GU798372       88.70%    passed     68.15%
 192  GU798373       88.69%    passed     70.38%
 193  GU798374       88.69%    passed     66.47%
 194  GU798375       88.69%    passed     65.09%
 195  GU798376       88.69%    passed     62.87%
 196  GU798377       88.69%    passed     61.58%
 197  GU798378       88.69%    passed     64.22%
 198  GU798379       88.69%    passed     65.09%
 199  GU798380       88.69%    passed     67.18%
 200  GU798381       88.69%    passed     70.39%
 201  GU798382       88.69%    passed     55.10%
 202  GU798383       88.69%    passed     59.43%
 203  GU798384       88.69%    passed     57.09%
 204  GU798385       88.69%    passed     59.43%
 205  GU798386       88.69%    passed     59.43%
 206  GU798387       88.69%    passed     67.80%
 207  GU798388       88.69%    passed     68.23%
 208  KF155001        1.10%    passed     94.32%
 209  KP723638        1.11%    passed     96.01%
 210  KU963503       88.69%    passed     62.70%
 211  KX148193        1.10%    passed     94.89%
 212  KX148194        1.09%    passed     96.35%
 213  KX148195        1.10%    passed     85.24%
 214  KX148196        1.10%    passed     89.14%
 215  KX148197        1.10%    passed     93.99%
 216  KX148198        1.11%    passed     98.94%
 217  KX148199        1.11%    passed     98.64%
 218  KX148200        1.10%    passed     97.88%
 219  KX148201        1.11%    passed     93.27%
 220  KX148202        1.11%    passed     92.13%
 221  LT909529        1.11%    passed     89.96%
 222  LT909531        1.10%    passed     96.88%
 223  LT909535        1.11%    passed     89.41%
 224  LT909542        1.11%    passed     89.52%
 225  LT909546        1.11%    passed     96.15%
 226  LT909551        1.10%    passed     97.39%
 227  MK981888        1.16%    passed     94.96%
 228  MN726805        1.16%    passed     97.85%
 229  MN726810        8.76%    passed     92.45%
 230  MN726812        1.19%    passed     98.80%
 231  MN726819        3.80%    passed     86.79%
 232  MN726830        1.18%    passed     98.21%
 233  U22637         88.69%    passed     45.91%
 234  U22643         88.69%    passed     59.11%
 235  AB284509       88.66%    passed     61.71%
 236  AB284510       88.66%    passed     61.71%
 237  AB284511       88.66%    passed     61.37%
 238  AB284512       88.66%    passed     58.60%
 239  AB284513       88.66%    passed     55.23%
 240  AB284514       88.66%    passed     58.60%
 241  AB284515       88.66%    passed     63.03%
 242  AB284516       88.66%    passed     52.52%
 243  AB285215       55.27%    passed     16.08%
 244  DQ900547       88.74%    passed     48.61%
 245  DQ900548       89.04%    passed     57.14%
 246  DQ900549       88.76%    passed     56.20%
 247  DQ900550       88.81%    passed     64.36%
 248  DQ900552       88.76%    passed     45.74%
 249  DQ900553       89.04%    passed     58.40%
 250  DQ900554       88.69%    passed     61.67%
 251  DQ900555       88.81%    passed     66.22%
 252  DQ900556       88.69%    passed     49.62%
 253  DQ900557       89.04%    passed     69.66%
 254  DQ900558       88.74%    passed     54.78%
 255  DQ900559       88.69%    passed     51.15%
 256  DQ900560       88.90%    passed     50.19%
 257  DQ900561       88.84%    passed     57.48%
 258  DQ900563       88.86%    passed     51.57%
 259  DQ900564       88.81%    passed     49.39%
 260  DQ900565       88.78%    passed     59.16%
 261  DQ900567       88.76%    passed     58.42%
 262  DQ900568       88.69%    passed     60.12%
 263  DQ900569       88.69%    passed     59.06%
 264  DQ900570       88.69%    passed     61.17%
 265  EU853582       88.66%    passed     58.19%
 266  EU853583       88.66%    passed     51.48%
 267  HM179504       88.66%    passed     32.81%
 268  HM179505       88.66%    passed     49.60%
 269  HM179506       88.66%    passed     55.51%
 270  HM179507       88.66%    passed     45.37%
 271  HM179508       88.66%    passed     49.94%
 272  KF155002        0.11%    passed     97.38%
 273  KR534217        0.11%    passed     98.48%
 274  KR534218        0.11%    passed     98.62%
 275  KR534219        0.11%    passed     95.57%
 276  KR534220        0.11%    passed     98.62%
 277  KR534228        0.18%    passed     95.70%
 278  KR534229        0.72%    passed     92.53%
 279  KR534230        0.44%    passed     90.67%
 280  KR534231        0.44%    passed     91.80%
 281  KR534232        0.12%    passed     98.32%
 282  KR534233        0.11%    passed     98.28%
 283  KR534234        0.11%    passed     94.49%
 284  KR534235        0.11%    passed     98.15%
 285  KR534236        0.11%    passed     98.23%
 286  KR534237        0.11%    passed     98.23%
 287  KR534238        0.59%    passed     89.77%
 288  KR534244        0.18%    passed     98.22%
 289  KR534245        0.11%    passed     98.41%
 290  KR534246        0.11%    passed     98.41%
 291  KR534247        0.11%    passed     98.76%
 292  KR534248        0.11%    passed     98.52%
 293  KR534249        0.15%    passed     98.91%
 294  KR534250        0.11%    passed     98.33%
 295  KR534251        0.11%    passed     95.31%
 296  KR534252        0.11%    passed     98.65%
 297  KR534253        0.12%    passed     98.84%
 298  KR534254        0.11%    passed     98.65%
 299  KR534256        0.13%    passed     98.52%
 300  KR906734        0.11%    passed     96.03%
 301  KR906735        0.28%    passed     96.87%
 302  KR906736        0.11%    passed     97.01%
 303  KR906737        0.15%    passed     98.63%
 304  KR906738        0.11%    passed     98.58%
 305  KR906739        0.11%    passed     98.30%
 306  KR906740        0.23%    passed     98.18%
 307  KR906741        0.11%    passed     97.05%
 308  KR906742        0.11%    passed     98.17%
 309  KR906743        0.20%    passed     93.80%
 310  KR906744        0.18%    passed     98.01%
 311  KR906745        0.19%    passed     97.44%
 312  KR906746        0.51%    passed     99.72%
 313  KR906747        0.11%    passed     99.54%
 314  KR906748        0.11%    passed     96.65%
 315  KR906749        0.48%    passed     94.38%
 316  KR906750        0.68%    passed     92.01%
 317  KR906751        0.18%    passed     98.92%
 318  KR906752        0.11%    passed     96.65%
 319  KR906753        0.12%    passed     96.29%
 320  KR906754        0.59%    passed     93.32%
 321  KR906755        0.11%    passed     97.94%
 322  KR906756        0.12%    passed     98.07%
 323  KR906757        0.47%    passed     99.34%
 324  KR906758        1.04%    passed     94.35%
 325  KR906759        1.84%    passed     90.14%
 326  KR906760        0.13%    passed     98.69%
 327  KR906761        2.37%    passed     99.49%
 328  KR906762        0.18%    passed     98.55%
 329  KR906763        0.13%    passed     92.45%
 330  KR906764        0.18%    passed     94.02%
 331  KR906765        0.11%    passed     93.43%
 332  KR906766        0.19%    passed     95.58%
 333  KR906767        0.18%    passed     98.64%
 334  KR906768        0.48%    passed     93.44%
 335  KR906769        0.18%    passed     92.68%
 336  KR906770        0.20%    passed     94.33%
 337  KR906771        0.11%    passed     98.67%
 338  KR906772        0.12%    passed     98.51%
 339  KR906773        0.11%    passed     98.67%
 340  KR906774        0.13%    passed     95.60%
 341  KR906775        1.73%    passed     95.00%
 342  KR906776        0.11%    passed     94.34%
 343  KR906777        0.11%    passed     94.39%
 344  KR906778        0.18%    passed     98.09%
 345  KR906779        0.14%    passed     98.60%
 346  KR906780        0.13%    passed     98.76%
 347  KR906781        0.11%    passed     99.08%
 348  KR906782        0.14%    passed     98.93%
 349  KR906783        0.29%    passed     98.15%
 350  KR906784        0.11%    passed     94.32%
 351  KR906785        0.12%    passed     96.56%
 352  KR906786        0.23%    passed     98.28%
 353  KR906787        0.11%    passed     98.43%
 354  KR906788        0.15%    passed     97.96%
 355  KR906789        0.11%    passed     95.65%
 356  KR906790        0.11%    passed     99.24%
 357  KR906791        7.47%    passed     95.70%
 358  KR906792        0.13%    passed     97.74%
 359  KT336432        0.11%    passed     98.84%
 360  KT336433        0.11%    passed     95.73%
 361  KT336434        0.11%    passed     97.90%
 362  KT336435        0.11%    passed     94.92%
 363  KT336436        0.11%    passed     99.05%
 364  KT336437        0.12%    passed     95.29%
 365  KX148103        0.11%    passed     99.31%
 366  KX148203        1.12%    passed     97.69%
 367  KX148205        1.12%    passed     97.17%
 368  KX148206        1.12%    passed     98.89%
 369  KX148207        1.12%    passed     96.87%
 370  KX148208        1.12%    passed     98.78%
 371  KY210220        0.18%    passed     98.30%
 372  KY210221        1.46%    passed     94.20%
 373  KY210222        0.11%    passed     98.48%
 374  KY210223        0.18%    passed     94.65%
 375  KY210224        0.11%    passed     98.15%
 376  KY210225        0.11%    passed     98.62%
 377  KY210226        0.16%    passed     98.27%
 378  KY210227        0.18%    passed     95.08%
 379  KY210228        2.37%    passed     94.15%
 380  KY210229        0.11%    passed     98.34%
 381  KY210230        0.11%    passed     98.15%
 382  KY210231        0.11%    passed     98.62%
 383  KY210232        0.11%    passed     98.52%
 384  KY210233        0.11%    passed     94.81%
 385  KY210234        0.25%    passed     98.30%
 386  KY210235        0.11%    passed     98.52%
 387  KY210236        0.18%    passed     98.05%
 388  KY210237        0.13%    passed     95.01%
 389  KY210238        0.11%    passed     98.76%
 390  KY210239        0.11%    passed     98.25%
 391  KY210240        0.44%    passed     88.89%
 392  KY210241        0.25%    passed     98.52%
 393  KY210242        0.15%    passed     93.01%
 394  KY210243        0.18%    passed     98.22%
 395  KY210244        0.66%    passed     96.29%
 396  KY210245        0.11%    passed     99.26%
 397  KY210246        0.11%    passed     98.55%
 398  KY210247        0.11%    passed     98.13%
 399  KY210248        0.11%    passed     98.54%
 400  KY210249        0.12%    passed     98.03%
 401  KY210250        0.13%    passed     98.39%
 402  KY210251        0.11%    passed     98.25%
 403  KY210252        0.11%    passed     99.21%
 404  KY210253        0.11%    passed     97.74%
 405  KY210254        0.12%    passed     97.87%
 406  KY210255        0.11%    passed     97.74%
 407  KY210256        0.11%    passed     97.74%
 408  KY210257        0.12%    passed     95.73%
 409  KY210258        0.12%    passed     98.30%
 410  KY210259        0.13%    passed     98.65%
 411  KY210260        0.38%    passed     98.27%
 412  KY210261        0.11%    passed     94.81%
 413  KY210262        0.11%    passed     98.88%
 414  KY210263        0.12%    passed     99.36%
 415  KY210264        0.11%    passed     94.07%
 416  KY210265        0.11%    passed     98.28%
 417  KY210266        0.11%    passed     97.50%
 418  KY210267        0.11%    passed     98.36%
 419  KY210268        0.11%    passed     97.94%
 420  KY210269        0.11%    passed     95.46%
 421  KY210270        0.12%    passed     95.64%
 422  KY210271        0.11%    passed     98.79%
 423  KY210272        0.11%    passed     98.29%
 424  KY210273        0.11%    passed     98.23%
 425  KY210274        0.11%    passed     95.57%
 426  KY210275        1.76%    passed     99.19%
 427  KY210276        0.12%    passed     98.10%
 428  KY210277        0.11%    passed     94.81%
 429  KY210278        0.13%    passed     98.39%
 430  KY210279        0.68%    passed     91.60%
 431  KY210280        0.17%    passed     95.43%
 432  KY210281        0.11%    passed     95.31%
 433  KY210282        0.55%    passed     88.06%
 434  KY210283        0.11%    passed     94.88%
 435  KY210284        0.33%    passed     95.80%
 436  KY210285        0.11%    passed     95.69%
 437  KY210286        0.12%    passed     98.90%
 438  KY210287        0.62%    passed     97.06%
 439  KY210288        0.12%    passed     99.09%
 440  KY210289        0.13%    passed     98.49%
 441  KY210290        0.13%    passed     98.42%
 442  KY210291        0.11%    passed     98.69%
 443  KY210292        0.11%    passed     98.47%
 444  KY210293        0.18%    passed     98.44%
 445  KY210294        0.13%    passed     93.82%
 446  KY210295        0.11%    passed     99.05%
 447  KY210296        0.11%    passed     99.05%
 448  KY210297        0.11%    passed     97.56%
 449  KY210298        0.13%    passed     97.63%
 450  KY210299        0.19%    passed     98.13%
 451  KY210300        0.11%    passed     98.43%
 452  KY210301        0.11%    passed     98.71%
 453  KY210302        0.13%    passed     98.71%
 454  KY210303        0.11%    passed     98.53%
 455  KY210304        0.12%    passed     93.47%
 456  KY210305        0.11%    passed     97.40%
 457  KY210306        0.13%    passed     95.60%
 458  KY210307        0.11%    passed     98.28%
 459  KY210308        0.51%    passed     97.13%
 460  KY210309        0.25%    passed     99.02%
 461  KY210310        0.39%    passed     90.46%
 462  KY210311        0.13%    passed     99.25%
 463  KY553256       88.66%    passed     45.37%
 464  KY553257       88.66%    passed     45.64%
 465  KY553258       88.66%    passed     43.41%
 466  KY553259       88.66%    passed     50.23%
 467  KY553260       88.66%    passed     41.75%
 468  KY553261       88.66%    passed     58.16%
 469  KY553262       88.66%    passed     40.96%
 470  KY553263       88.66%    passed     43.29%
 471  KY553264       88.66%    passed     52.90%
 472  KY553265       88.66%    passed     54.05%
 473  KY553267       88.66%    passed     36.11%
 474  KY553268       88.66%    passed     53.43%
 475  KY553269       88.67%    passed     37.40%
 476  KY553270       88.66%    passed     61.65%
 477  KY553271       88.66%    passed     37.82%
 478  KY553272       88.66%    passed     52.48%
 479  KY563717       88.66%    passed     56.44%
 480  KY563718       88.66%    passed     54.05%
 481  LC029889        0.11%    passed     97.59%
 482  LC029893       87.69%    passed     55.65%
 483  LC029897       87.57%    passed     60.91%
 484  LT909528        0.11%    passed     97.22%
 485  LT909534        0.11%    passed     99.29%
 486  LT909536        0.11%    passed     97.92%
 487  MG458318        0.15%    passed     98.07%
 488  MN726802       11.48%    passed     89.17%
 489  MN726804        0.11%    passed     98.26%
 490  MN726807       15.99%    passed     89.87%
 491  MN726808        1.32%    passed     96.43%
 492  MN726809       12.63%    passed     94.08%
 493  MN726814        0.80%    passed     96.18%
 494  MN726815        0.83%    passed     97.74%
 495  MN726817        5.29%    passed     91.62%
 496  MN726818        0.75%    passed     97.08%
 497  MN726820        1.13%    passed     95.34%
 498  MN726824        3.92%    passed     96.98%
 499  MN726825        1.98%    passed     97.10%
 500  MN726826        1.23%    passed     95.73%
 501  MN726827        3.02%    passed     93.69%
 502  MN726828       15.94%    passed     77.46%
 503  MN726829       14.31%    passed     76.52%
 504  MN726831        0.82%    passed     92.74%
 505  MN726833        5.25%    passed     86.94%
 506  MN726835        7.30%    passed     99.99%
 507  MT454631        0.11%    passed     98.41%
 508  MT454634        0.11%    passed     97.89%
 509  MT454635        0.11%    passed     98.85%
 510  MT454636        0.11%    passed     98.24%
 511  MT454637        0.11%    passed     98.76%
 512  MT454639        0.11%    passed     97.63%
 513  MT454641        0.11%    passed     96.95%
 514  MT454644        0.11%    passed     99.75%
 515  MT454648        0.11%    passed     97.97%
 516  MT454652        0.11%    passed     97.86%
 517  MT454653        0.11%    passed     98.30%
 518  MT454654        0.11%    passed     98.46%
 519  U22484         88.69%    passed     61.40%
 520  U22488         88.69%    passed     52.66%
 521  U22632         88.69%    passed     44.13%
 522  U22633         88.69%    passed     47.15%
 523  U22645         88.69%    passed     50.11%
 524  U22647         88.69%    passed     48.18%
 525  U22648         88.69%    passed     45.73%
 526  KX148209        1.13%    passed     90.70%
 527  KX148210        1.13%    passed     87.91%
 528  KX148211        1.13%    passed     95.01%
 529  AY854589       88.60%    passed     34.05%
 530  FJ228526       88.69%    passed     38.96%
 531  FJ228527       88.69%    passed     45.63%
 532  FJ228531       88.69%    passed     45.96%
 533  FJ228532       88.69%    passed     45.63%
 534  FJ228533       88.69%    passed     57.69%
 535  U22841         88.69%    passed     42.30%
 536  AY854580       87.74%    passed     18.99%
 537  AY854582       88.05%    passed     38.69%
 538  DQ837382       88.69%    passed     28.62%
 539  DQ837383       88.69%    passed     37.87%
 540  DQ837384       88.69%    passed     22.39%
 541  DQ837385       88.69%    passed     34.18%
 542  DQ837386       88.69%    passed     27.60%
 543  DQ837387       88.69%    passed     24.08%
 544  DQ837388       88.69%    passed     19.58%
 545  DQ837389       88.69%    passed     30.73%
 546  DQ837390       88.69%    passed     30.73%
 547  DQ837391       88.69%    passed     34.18%
 548  DQ837396       88.69%    passed     33.98%
 549  DQ837397       88.69%    passed     35.31%
 550  DQ837398       88.69%    passed     28.35%
 551  DQ837399       88.69%    passed     31.54%
 552  DQ837400       88.69%    passed     30.30%
 553  DQ837401       88.69%    passed     32.63%
 554  DQ837402       88.69%    passed     33.98%
 555  DQ837403       88.69%    passed     31.89%
 556  DQ837404       88.69%    passed     26.39%
 557  DQ837405       88.69%    passed     29.58%
 558  DQ837406       88.69%    passed     29.77%
 559  DQ837407       88.69%    passed     32.58%
 560  DQ837409       88.69%    passed     33.98%
 561  DQ837410       88.69%    passed     34.18%
 562  DQ837411       88.69%    passed     47.35%
 563  DQ837414       88.69%    passed     23.55%
 564  DQ837415       88.69%    passed     27.29%
 565  DQ837416       88.69%    passed     34.18%
 566  DQ837417       88.69%    passed     34.18%
 567  DQ837418       88.69%    passed     34.18%
 568  DQ837419       88.69%    passed     50.07%
 569  DQ837420       88.69%    passed     25.76%
 570  DQ837425       88.69%    passed     33.19%
 571  DQ837426       88.69%    passed     33.19%
 572  DQ837428       88.69%    passed     29.77%
 573  DQ837429       88.69%    passed     24.38%
 574  DQ837433       88.69%    passed     35.64%
 575  DQ837434       88.69%    passed     29.11%
 576  DQ837435       88.69%    passed     40.03%
 577  DQ837438       88.69%    passed     35.64%
 578  DQ837439       88.69%    passed     35.28%
 579  DQ837440       88.69%    passed     24.38%
 580  DQ837442       88.69%    passed     39.27%
 581  DQ837444       88.69%    passed     35.67%
 582  DQ837446       88.69%    passed     34.18%
 583  DQ837448       88.69%    passed     38.00%
 584  DQ837449       88.69%    passed     31.06%
 585  DQ837451       88.69%    passed     34.18%
 586  DQ837452       88.69%    passed     25.76%
 587  DQ837456       88.69%    passed     24.38%
 588  DQ837457       88.69%    passed     31.89%
 589  DQ837458       88.69%    passed     31.89%
 590  DQ837459       88.69%    passed     31.89%
 591  DQ837460       88.69%    passed     29.77%
 592  DQ837465       88.69%    passed     30.73%
 593  DQ837466       88.69%    passed     30.10%
 594  DQ837470       88.69%    passed     37.87%
 595  DQ837471       88.69%    passed     37.87%
 596  DQ837472       88.69%    passed     28.35%
 597  DQ837473       88.69%    passed     50.07%
 598  DQ837481       88.69%    passed     31.89%
 599  DQ837482       88.69%    passed     34.18%
 600  DQ837483       88.69%    passed     32.62%
 601  DQ837484       88.69%    passed     31.54%
 602  DQ837485       88.69%    passed     21.39%
 603  DQ837487       88.69%    passed     24.08%
 604  KX148177        1.12%    passed     91.65%
 605  KX148178        1.12%    passed     90.68%
 606  KX148179        1.12%    passed     96.50%
 607  KX148180        1.12%    passed     94.04%
 608  KX148181        1.12%    passed     98.97%
 609  KX148182        1.12%    passed     97.84%
 610  KX148183        1.12%    passed     95.57%
 611  KX148184        1.12%    passed     95.99%
 612  KX148187        1.12%    passed     96.57%
 613  KX148188        1.12%    passed     96.18%
 614  KX148189        1.12%    passed     93.51%
 615  KX148190        1.12%    passed     95.79%
 616  KY860604        1.12%    passed     91.45%
 617  KY860605        1.12%    passed     91.30%
 618  KY860606        1.12%    passed     98.39%
 619  KY860611        1.12%    passed     94.68%
 620  MK760680        1.78%    passed     92.92%
 621  MK760687        1.78%    passed     94.15%
 622  MK760691        1.78%    passed     96.42%
 623  MK760719        1.78%    passed     95.94%
 624  U22482         88.69%    passed     42.69%
 625  KX148191        1.11%    passed     94.34%
 626  KX148192        1.11%    passed     96.31%
 627  KX148104        0.10%    passed     92.31%
 628  MG458309        0.10%    passed     92.31%
 629  AY854593       88.45%    passed     70.63%
 630  DQ666322       87.61%    passed     76.95%
 631  DQ875051        1.13%    passed     90.27%
 632  EF542830        0.08%    passed     75.56%
 633  FJ228543       88.69%    passed     93.38%
 634  FJ228544       88.69%    passed     86.95%
 635  FJ228545       88.69%    passed     90.44%
 636  GQ412744        0.12%    passed     75.90%
 637  GU992323       88.66%    passed     72.39%
 638  HQ829841       87.70%    passed     60.10%
 639  JN234411        0.12%    passed     85.08%
 640  JN561127       87.70%    passed     60.10%
 641  KJ957431       88.66%    passed     80.08%
 642  KJ957432       88.66%    passed     79.86%
 643  KJ957433       88.66%    passed     82.54%
 644  KJ957434       88.66%    passed     83.43%
 645  KJ957435       88.66%    passed     80.88%
 646  KJ957436       88.66%    passed     79.86%
 647  KJ957437       88.66%    passed     84.04%
 648  KJ957438       88.66%    passed     84.04%
 649  KJ957439       88.66%    passed     79.86%
 650  KJ957440       88.66%    passed     79.86%
 651  KJ957441       88.66%    passed     76.99%
 652  KJ957442       88.66%    passed     84.74%
 653  KJ957444       88.66%    passed     84.74%
 654  KJ957445       88.66%    passed     84.41%
 655  KJ957446       88.66%    passed     83.80%
 656  KJ957447       88.66%    passed     84.74%
 657  KJ957448       88.66%    passed     83.43%
 658  KJ957449       88.66%    passed     84.49%
 659  KJ957450       88.66%    passed     84.82%
 660  KJ957451       88.66%    passed     82.91%
 661  KJ957452       88.66%    passed     84.74%
 662  KM067274       88.66%    passed     84.41%
 663  KM198893        0.08%    passed     70.16%
 664  KU938829       88.69%    passed     37.67%
 665  KU963489       88.69%    passed     78.42%
 666  KU963506       88.69%    passed     80.26%
 667  MG458319        0.09%    passed     88.75%
 668  MK956097       88.69%    passed     58.75%
 669  MN726803       29.95%    passed     75.75%
 670  MN726811       22.13%    passed     88.54%
 671  MN726816        4.15%    passed     82.33%
 672  MN726821        6.76%    passed     86.82%
 673  MN726822       20.44%    passed     87.12%
 674  MN726823       14.05%    passed     90.12%
 675  MN726832       18.12%    passed     80.93%
 676  MN726806       88.66%    passed     52.36%
 677  MN726813       88.66%    passed     50.17%
 678  MN726834       88.66%    passed     57.09%
 679  MW055118       88.66%    passed     43.90%
 680  MW055119       88.66%    passed     43.90%
 681  MW055120       88.66%    passed     43.90%
 682  MW055121       88.66%    passed     43.90%
 683  MW055122       88.66%    passed     43.90%
 684  MW055123       88.66%    passed     44.08%
 685  MW055115       88.66%    passed     52.14%
 686  MW055116       88.66%    passed     47.73%
 687  MW055117       88.66%    passed     46.72%
 688  DQ420623       88.66%    passed     45.82%
 689  MZ391109       88.04%    passed     15.98%
 690  DQ837430       88.69%    passed     37.21%
 691  DQ837441       88.69%    passed     29.98%
 692  DQ837443       88.69%    passed     38.92%
 693  AB010494       88.07%    passed     49.19%
 694  AB044824        0.13%    passed     80.43%
 695  AB128149        0.13%    passed     80.08%
 696  AB178891       88.66%    passed     67.05%
 697  AF155039       88.66%    passed     37.53%
 698  D16331         88.24%    passed     79.36%
 699  FJ561729       88.66%    passed     44.06%
 700  FJ561730       88.66%    passed     55.48%
 701  FJ561731       88.66%    passed     53.15%
 702  FJ561732       88.66%    passed     48.32%
 703  GU992318       88.66%    passed     45.03%
 704  LC717415        0.52%    passed     88.29%
 705  LC717416        0.36%    passed     87.43%
 706  LC717419        0.37%    passed     84.17%
 707  OM971005        1.21%    passed     93.78%
 708  02196160414A   17.86%    passed     66.12%
 709  2010818843     29.39%    passed     54.77%
 710  2011100075     22.80%    passed     71.64%
 711  2011100186     16.94%    passed     89.93%
 712  2021153276      5.85%    passed     89.86%
 713  AR02            2.21%    passed     95.43%
 714  AR03            2.20%    passed     96.27%
 715  HB002           2.24%    passed     97.61%
 716  Z0828879       48.90%    passed     64.64%
 717  IFA1013         2.47%    passed     80.62%
 718  IFA1021         5.73%    passed     85.07%
 719  IFA1023         2.37%    passed     86.81%
 720  KD1004          2.36%    passed     83.00%
 721  KIL1022         2.43%    passed     85.05%
 722  LN001           3.01%    passed     85.67%
 723  LN002           2.61%    passed     90.26%
 724  LN003           2.91%    passed     93.47%
 725  LN004           2.81%    passed     90.67%
 726  LN006           2.32%    passed     90.17%
 727  LN007           2.97%    passed     97.19%
 728  MAL1008         2.50%    passed     80.69%
 729  MAL1009         2.65%    passed     80.56%
 730  MAL1020         2.51%    passed     82.23%
 731  MAS1016         2.95%    passed     81.77%
 732  MORDC1011       2.44%    passed     95.75%
 733  MR001           2.22%    passed     88.10%
 734  MR002           2.39%    passed     96.34%
 735  MR003           2.42%    passed     94.68%
 736  MR004           2.26%    passed     96.61%
 737  MR005           2.25%    passed     86.22%
 738  MR006           2.34%    passed     83.05%
 739  MR007           2.98%    passed     89.69%
 740  MR008           2.26%    passed     91.32%
 741  MR009           2.40%    passed     93.27%
 742  MT001           2.40%    passed     91.73%
 743  MT004           2.82%    passed     84.43%
 744  MT005           2.44%    passed     89.38%
 745  MT006           2.26%    passed     96.66%
 746  NAC1014         2.51%    passed     78.89%
 747  NAC1017         2.88%    passed     93.96%
 748  NAC1018         2.71%    passed     82.43%
 749  NAC1025         2.45%    passed     85.09%
 750  NAC1015         2.99%    passed     93.90%
 751  RB004           2.10%    passed     98.11%
 752  RB001           2.05%    passed     97.18%
 753  RB002           2.20%    passed     93.59%
 754  RB003           2.24%    passed     93.81%
 755  SD712           2.35%    passed     96.84%
 756  SD716           2.19%    passed     97.99%
 757  SD734           4.02%    passed     96.52%
 758  SD735           2.45%    passed     95.26%
 759  SD736          11.14%    passed     99.66%
 760  SD737           2.56%    passed     99.34%
 761  SD738          11.12%    passed     99.79%
 762  SD740           5.14%    passed     97.40%
 763  SD741           2.37%    passed     98.40%
 764  SD743           2.65%    passed     96.29%
 765  SD744           4.78%    passed     96.42%
 766  SD745          19.69%    passed     75.10%
 767  SD746           3.90%    passed     93.94%
 768  SD747           3.02%    passed     98.45%
 769  SD749           2.97%    passed     98.70%
 770  SD750           3.54%    passed     90.50%
 771  SD751           2.07%    passed     96.29%
 772  SD753           2.14%    passed     98.63%
 773  SD754           2.09%    passed     98.80%
 774  SD755           2.06%    passed     97.13%
 775  SD756           2.09%    passed     98.36%
 776  SD759           2.51%    passed     99.75%
 777  SD760           2.54%    passed     97.52%
 778  SD761           5.13%    passed     99.65%
 779  SD763           5.23%    passed     99.00%
 780  SD764           2.40%    passed     96.43%
 781  SD766           2.06%    passed     97.71%
 782  SD767           2.11%    passed     97.78%
 783  SD782           2.16%    passed     98.69%
 784  SD785           2.10%    passed     98.15%
 785  SD789           2.21%    passed     99.05%
 786  SD790           2.38%    passed     99.03%
 787  SD791           2.20%    passed     98.83%
 788  SD792           2.21%    passed     96.27%
 789  SD793           2.11%    passed     99.17%
 790  SD799           3.16%    passed     94.16%
 791  SD801           2.90%    passed     93.42%
 792  SD802           2.71%    passed     98.20%
 793  SD804           4.45%    passed     97.74%
 794  SD806           2.21%    passed     96.85%
 795  SD807           2.80%    passed     96.07%
 796  SD809           2.73%    passed     97.80%
 797  SD810           2.32%    passed     88.90%
 798  SD812           2.64%    passed     97.54%
 799  SD813           2.59%    passed     95.06%
 800  SD815           2.27%    passed     97.31%
 801  SD816           2.37%    passed     95.40%
 802  SD817           2.25%    passed     97.26%
 803  SD818           2.73%    passed     74.37%
 804  SD821           2.26%    passed     96.22%
 805  SD823           2.50%    passed     96.00%
 806  SD825           2.42%    passed     98.46%
 807  SD826           2.71%    passed     97.26%
 808  SD827           2.35%    passed     96.82%
 809  SD828           2.57%    passed     93.94%
 810  SD830           2.56%    passed     83.87%
 811  SD831           2.35%    passed     98.10%
 812  SD832           3.10%    passed     97.25%
 813  SD834           5.53%    passed     93.41%
 814  SD835           4.65%    passed     94.30%
 815  SD837           2.40%    passed     95.63%
 816  SD846           2.46%    passed     94.68%
 817  TAN1019         2.61%    passed     81.69%
 818  Z0083175       37.43%    passed     55.54%
 819  Z0083186       37.35%    passed     29.12%
 820  Z0083192        6.86%    passed     99.05%
 821  Z0083197        2.17%    passed     91.92%
 822  Z0083198        2.14%    passed     94.61%
 823  Z0083200        2.16%    passed     94.34%
 824  Z0083201        2.10%    passed     94.79%
 825  Z0083202       15.72%    passed     94.34%
 826  Z0083203        4.45%    passed     89.18%
 827  Z0083204        4.42%    passed     99.59%
 828  Z0083205        2.15%    passed     98.33%
 829  Z0083214        2.30%    passed     98.32%
 830  Z0083215        2.14%    passed     93.26%
 831  Z0083216        2.34%    passed     98.54%
 832  Z0083218        2.24%    passed     97.63%
 833  Z0083219       25.13%    passed     80.92%
 834  Z0083220        2.33%    passed     95.84%
 835  Z0083221        2.48%    passed     98.44%
 836  Z0083222        2.29%    passed     95.14%
 837  Z0083223        2.20%    passed     98.09%
 838  Z0083224        2.27%    passed     98.47%
 839  Z0083225        6.78%    passed     98.90%
 840  Z0083226        2.17%    passed     96.88%
 841  Z0083227        2.14%    passed     97.99%
 842  Z0083228        2.35%    passed     96.59%
 843  Z0083229        2.31%    passed     97.97%
 844  Z0083231        2.37%    passed     96.16%
 845  Z0083233        2.28%    passed     95.74%
 846  Z0083234        2.16%    passed     95.86%
 847  Z0083235        4.63%    passed     93.51%
 848  Z0083236        2.64%    passed     96.91%
 849  Z0083237        4.37%    passed     95.64%
 850  Z0083239        2.18%    passed     96.44%
 851  Z0083240        2.10%    passed     98.32%
 852  Z0083243        2.10%    passed     97.27%
 853  Z00832441      15.63%    passed     90.81%
 854  Z00832442       2.22%    passed     97.87%
 855  Z00832443       4.34%    passed     95.94%
 856  Z0083245        2.50%    passed     96.11%
 857  Z0083249        2.05%    passed     97.43%
 858  Z0083252        2.04%    passed     98.01%
 859  Z0083253        2.15%    passed     98.63%
 860  Z0083261        2.05%    passed     97.04%
 861  Z0083262        2.08%    passed     98.03%
 862  Z0083263        2.14%    passed     97.42%
 863  Z0083265        2.05%    passed     97.43%
 864  Z00861806       2.30%    passed     95.22%
 865  Z00861807       2.53%    passed     92.15%
 866  Z00861808       2.84%    passed     88.07%
 867  Z00861809       2.86%    passed     80.77%
 868  Z00861810       3.40%    passed     90.81%
 869  Z00861811       2.32%    passed     90.95%
 870  Z00861815       3.28%    passed     88.78%
 871  Z00861816       2.92%    passed     87.71%
 872  Z00861820       2.39%    passed     98.20%
 873  Z00861823       2.28%    passed     97.05%
 874  Z00861824       3.62%    passed     90.48%
 875  Z00861826       2.38%    passed     86.54%
 876  Z00861827       3.48%    passed     94.27%
 877  Z00861829       2.34%    passed     95.43%
 878  Z00861831       3.04%    passed     87.19%
 879  Z00861832       2.24%    passed     90.11%
 880  Z00861834       2.39%    passed     92.21%
 881  Z00861835       2.32%    passed     92.79%
 882  Z00861836       2.35%    passed     92.80%
 883  Z00861837       2.32%    passed     90.95%
 884  Z00861838       2.34%    passed     95.30%
 885  Z00861839       4.04%    passed     90.99%
 886  Z00861840       4.14%    passed     93.54%
 887  Z00861841       2.32%    passed     91.39%
 888  Z00861842       2.33%    passed     93.23%
 889  Z00861843       2.42%    passed     96.14%
 890  Z00861844       4.42%    passed     94.71%
 891  Z00861845       5.25%    passed     94.35%
 892  Z00861846       2.30%    passed     94.31%
 893  Z00861847       7.49%    passed     89.08%
 894  Z00861850       3.38%    passed     90.62%
 895  Z00861851       5.55%    passed     75.62%
 896  Z00861852       8.60%    passed     93.66%
 897  Z00861853       5.63%    passed     76.61%
 898  Z00861854       8.50%    passed     65.19%
 899  Z00861855       3.76%    passed     94.66%
 900  Z00861858       6.40%    passed     89.56%
 901  Z00861859       5.61%    passed     91.67%
 902  Z00861860       5.81%    passed     88.07%
 903  Z00861862       4.01%    passed     91.86%
 904  Z00861863       5.79%    passed     83.67%
 905  Z00861864       3.42%    passed     82.67%
 906  Z00861865       8.44%    passed     75.14%
 907  Z00861867       3.27%    passed     81.58%
 908  Z00861869       2.99%    passed     88.62%
 909  Z00861870       2.82%    passed     83.29%
 910  Z00861871       5.56%    passed     82.87%
 911  Z00861872       3.36%    passed     86.96%
 912  Z00861874       6.28%    passed     75.79%
 913  Z00861875      22.73%    passed     86.48%
 914  Z00861877       5.55%    passed     75.66%
 915  Z00865560       2.33%    passed     89.37%
 916  Z00865561       2.32%    passed     93.32%
 917  Z00865562       2.30%    passed     97.23%
 918  Z00865563       3.78%    passed     91.97%
 919  Z00865564       6.66%    passed     95.09%
 920  Z00865566       2.37%    passed     95.21%
 921  Z00865570       2.29%    passed     94.96%
 922  Z00865571       2.95%    passed     93.59%
 923  Z0829313        2.09%    passed     98.32%
 924  Z0829323        2.06%    passed     97.94%
 925  Z0829325        2.06%    passed     97.08%
 926  Z0829333        3.50%    passed     97.13%
 927  Z0829334        2.05%    passed     97.56%
 928  Z0829335        2.06%    passed     98.24%
 929  Z0829337        2.09%    passed     95.44%
 930  Z0829340        2.08%    passed     95.45%
 931  Z0829341        2.11%    passed     97.33%
 932  Z0829343        2.08%    passed     98.25%
 933  Z0829344        2.03%    passed     97.61%
WARNING: 410 sequences contain more than 50% gaps/ambiguity
****  TOTAL          40.34%  0 sequences failed composition chi2 test (p-value<5%; df=3)
NOTE: GU798135 is identical to GU798129 but kept for subsequent analysis
NOTE: GU798151 is identical to GU798150 but kept for subsequent analysis
NOTE: GU798158 is identical to GU798157 but kept for subsequent analysis
NOTE: GU798169 is identical to GU798167 but kept for subsequent analysis
NOTE: GU798171 is identical to GU798170 but kept for subsequent analysis
NOTE: GU798176 is identical to GU798175 but kept for subsequent analysis
NOTE: GU798180 is identical to GU798178 but kept for subsequent analysis
NOTE: GU798195 is identical to GU798194 but kept for subsequent analysis
NOTE: GU798219 is identical to GU798216 but kept for subsequent analysis
NOTE: GU798218 is identical to GU798217 but kept for subsequent analysis
NOTE: GU798224 is identical to GU798223 but kept for subsequent analysis
NOTE: GU798230 is identical to GU798229 but kept for subsequent analysis
NOTE: GU798269 is identical to GU798268 but kept for subsequent analysis
NOTE: GU798272 is identical to GU798271 but kept for subsequent analysis
NOTE: U22643 is identical to GU798298 but kept for subsequent analysis
NOTE: GU798301 is identical to GU798300 but kept for subsequent analysis
NOTE: GU798303 is identical to GU798302 but kept for subsequent analysis
NOTE: GU798358 is identical to GU798315 but kept for subsequent analysis
NOTE: GU798332 is identical to GU798318 but kept for subsequent analysis
NOTE: GU798357 is identical to GU798320 but kept for subsequent analysis
NOTE: GU798338 is identical to GU798337 but kept for subsequent analysis
NOTE: GU798340 is identical to GU798339 but kept for subsequent analysis
NOTE: GU798359 is identical to GU798349 but kept for subsequent analysis
NOTE: GU798351 is identical to GU798350 but kept for subsequent analysis
NOTE: GU798385 is identical to GU798383 but kept for subsequent analysis
NOTE: AB284510 is identical to AB284509 but kept for subsequent analysis
NOTE: KY553256 is identical to HM179507 but kept for subsequent analysis
NOTE: KY210222 is identical to KR534217 but kept for subsequent analysis
NOTE: KR534220 is identical to KR534218 but kept for subsequent analysis
NOTE: KR534237 is identical to KR534236 but kept for subsequent analysis
NOTE: KR534246 is identical to KR534245 but kept for subsequent analysis
NOTE: KY210238 is identical to KR534247 but kept for subsequent analysis
NOTE: KY210232 is identical to KR534248 but kept for subsequent analysis
NOTE: KY210281 is identical to KR534251 but kept for subsequent analysis
NOTE: KR906752 is identical to KR906748 but kept for subsequent analysis
NOTE: KY210300 is identical to KR906787 but kept for subsequent analysis
NOTE: KY210255 is identical to KY210253 but kept for subsequent analysis
NOTE: KY210296 is identical to KY210295 but kept for subsequent analysis
NOTE: KY563718 is identical to KY553265 but kept for subsequent analysis
NOTE: DQ837410 is identical to DQ837385 but kept for subsequent analysis
NOTE: DQ837390 is identical to DQ837389 but kept for subsequent analysis
NOTE: DQ837409 is identical to DQ837396 but kept for subsequent analysis
NOTE: DQ837472 is identical to DQ837398 but kept for subsequent analysis
NOTE: DQ837457 is identical to DQ837403 but kept for subsequent analysis
NOTE: DQ837417 is identical to DQ837416 but kept for subsequent analysis
NOTE: DQ837473 is identical to DQ837419 but kept for subsequent analysis
NOTE: DQ837452 is identical to DQ837420 but kept for subsequent analysis
NOTE: DQ837426 is identical to DQ837425 but kept for subsequent analysis
NOTE: DQ837460 is identical to DQ837428 but kept for subsequent analysis
NOTE: DQ837440 is identical to DQ837429 but kept for subsequent analysis
NOTE: DQ837438 is identical to DQ837433 but kept for subsequent analysis
NOTE: DQ837471 is identical to DQ837470 but kept for subsequent analysis
NOTE: MG458309 is identical to KX148104 but kept for subsequent analysis
NOTE: JN561127 is identical to HQ829841 but kept for subsequent analysis
NOTE: KJ957436 is identical to KJ957432 but kept for subsequent analysis
NOTE: KJ957438 is identical to KJ957437 but kept for subsequent analysis
NOTE: KJ957447 is identical to KJ957442 but kept for subsequent analysis
NOTE: KJ957452 is identical to KJ957444 but kept for subsequent analysis
NOTE: MW055119 is identical to MW055118 but kept for subsequent analysis
NOTE: 44 identical sequences (see below) will be ignored for subsequent analysis
NOTE: GU798153 (identical to GU798150) is ignored but added at the end
NOTE: GU798154 (identical to GU798150) is ignored but added at the end
NOTE: GU798155 (identical to GU798150) is ignored but added at the end
NOTE: GU798159 (identical to GU798157) is ignored but added at the end
NOTE: GU798160 (identical to GU798157) is ignored but added at the end
NOTE: GU798172 (identical to GU798170) is ignored but added at the end
NOTE: GU798173 (identical to GU798170) is ignored but added at the end
NOTE: GU798179 (identical to GU798175) is ignored but added at the end
NOTE: GU798181 (identical to GU798175) is ignored but added at the end
NOTE: GU798182 (identical to GU798175) is ignored but added at the end
NOTE: GU798221 (identical to GU798216) is ignored but added at the end
NOTE: GU798227 (identical to GU798216) is ignored but added at the end
NOTE: GU798228 (identical to GU798216) is ignored but added at the end
NOTE: GU798225 (identical to GU798223) is ignored but added at the end
NOTE: GU798226 (identical to GU798223) is ignored but added at the end
NOTE: GU798335 (identical to GU798318) is ignored but added at the end
NOTE: GU798343 (identical to GU798318) is ignored but added at the end
NOTE: GU798344 (identical to GU798318) is ignored but added at the end
NOTE: GU798345 (identical to GU798318) is ignored but added at the end
NOTE: GU798346 (identical to GU798318) is ignored but added at the end
NOTE: GU798341 (identical to GU798339) is ignored but added at the end
NOTE: GU798363 (identical to GU798349) is ignored but added at the end
NOTE: GU798364 (identical to GU798349) is ignored but added at the end
NOTE: GU798365 (identical to GU798349) is ignored but added at the end
NOTE: GU798366 (identical to GU798349) is ignored but added at the end
NOTE: GU798367 (identical to GU798349) is ignored but added at the end
NOTE: GU798368 (identical to GU798349) is ignored but added at the end
NOTE: GU798352 (identical to GU798350) is ignored but added at the end
NOTE: GU798353 (identical to GU798350) is ignored but added at the end
NOTE: GU798356 (identical to GU798350) is ignored but added at the end
NOTE: GU798386 (identical to GU798383) is ignored but added at the end
NOTE: KY210235 (identical to KR534248) is ignored but added at the end
NOTE: KY210256 (identical to KY210253) is ignored but added at the end
NOTE: DQ837418 (identical to DQ837385) is ignored but added at the end
NOTE: DQ837451 (identical to DQ837385) is ignored but added at the end
NOTE: DQ837482 (identical to DQ837385) is ignored but added at the end
NOTE: DQ837459 (identical to DQ837403) is ignored but added at the end
NOTE: DQ837481 (identical to DQ837403) is ignored but added at the end
NOTE: DQ837446 (identical to DQ837416) is ignored but added at the end
NOTE: KJ957439 (identical to KJ957432) is ignored but added at the end
NOTE: KJ957440 (identical to KJ957432) is ignored but added at the end
NOTE: MW055120 (identical to MW055118) is ignored but added at the end
NOTE: MW055121 (identical to MW055118) is ignored but added at the end
NOTE: MW055122 (identical to MW055118) is ignored but added at the end
Alignment was printed to EA/Alignment/EA_combined_aligned.fasta.uniqueseq.phy

For your convenience alignment with unique sequences printed to EA/Alignment/EA_combined_aligned.fasta.uniqueseq.phy

Create initial parsimony tree by phylogenetic likelihood library (PLL)... 0.774 seconds
Generating 1000 samples for ultrafast bootstrap (seed: 135468)...

NOTE: 1270 MB RAM (1 GB) is required!
Measuring multi-threading efficiency up to 8 CPU cores
3 trees examined
Threads: 1 / Time: 9.579 sec / Speedup: 1.000 / Efficiency: 100% / LogL: -649714
Threads: 2 / Time: 4.969 sec / Speedup: 1.928 / Efficiency: 96% / LogL: -649714
Threads: 3 / Time: 3.335 sec / Speedup: 2.872 / Efficiency: 96% / LogL: -649714
Threads: 4 / Time: 2.799 sec / Speedup: 3.422 / Efficiency: 86% / LogL: -649714
Threads: 5 / Time: 4.648 sec / Speedup: 2.061 / Efficiency: 41% / LogL: -649714
BEST NUMBER OF THREADS: 4

Estimate model parameters (epsilon = 0.100)
1. Initial log-likelihood: -154547.431
2. Current log-likelihood: -138783.767
3. Current log-likelihood: -138509.463
4. Current log-likelihood: -138425.910
5. Current log-likelihood: -138399.341
6. Current log-likelihood: -138388.035
7. Current log-likelihood: -138380.301
8. Current log-likelihood: -138373.587
9. Current log-likelihood: -138367.482
10. Current log-likelihood: -138362.021
11. Current log-likelihood: -138356.866
12. Current log-likelihood: -138351.928
13. Current log-likelihood: -138347.019
14. Current log-likelihood: -138341.990
15. Current log-likelihood: -138336.815
16. Current log-likelihood: -138331.506
17. Current log-likelihood: -138326.087
18. Current log-likelihood: -138320.610
19. Current log-likelihood: -138315.169
20. Current log-likelihood: -138309.848
21. Current log-likelihood: -138304.759
22. Current log-likelihood: -138300.023
23. Current log-likelihood: -138295.773
24. Current log-likelihood: -138292.116
25. Current log-likelihood: -138289.099
26. Current log-likelihood: -138286.711
27. Current log-likelihood: -138284.846
28. Current log-likelihood: -138283.398
29. Current log-likelihood: -138282.258
30. Current log-likelihood: -138281.361
31. Current log-likelihood: -138280.641
32. Current log-likelihood: -138280.055
33. Current log-likelihood: -138279.567
34. Current log-likelihood: -138279.161
35. Current log-likelihood: -138278.815
36. Current log-likelihood: -138278.453
37. Current log-likelihood: -138278.186
38. Current log-likelihood: -138277.960
39. Current log-likelihood: -138277.757
40. Current log-likelihood: -138277.566
41. Current log-likelihood: -138277.384
42. Current log-likelihood: -138277.208
43. Current log-likelihood: -138277.038
44. Current log-likelihood: -138276.874
45. Current log-likelihood: -138276.720
46. Current log-likelihood: -138276.581
47. Current log-likelihood: -138276.452
48. Current log-likelihood: -138276.331
49. Current log-likelihood: -138276.220
Optimal log-likelihood: -138276.109
Rate parameters:  A-C: 1.31052  A-G: 8.06706  A-T: 0.50098  C-G: 0.18669  C-T: 9.63024  G-T: 1.00000
Base frequencies:  A: 0.285  C: 0.221  G: 0.233  T: 0.261
Site proportion and rates:  (0.608,0.085) (0.011,0.646) (0.009,0.656) (0.278,1.698) (0.090,4.583) (0.004,13.408)
Parameters optimization took 49 rounds (766.279 sec)
Computing ML distances based on estimated model parameters... 150.559 sec
Computing BIONJ tree...
0.888 seconds
Log-likelihood of BIONJ tree: -143555.334
--------------------------------------------------------------------
|             INITIALIZING CANDIDATE TREE SET                      |
--------------------------------------------------------------------
Generating 98 parsimony trees... 82.168 second
Computing log-likelihood of 98 initial trees ... 78.535 seconds
Current best score: -138276.109

Do NNI search on 20 best initial trees
Estimate model parameters (epsilon = 0.100)
BETTER TREE FOUND at iteration 1: -138170.740
Estimate model parameters (epsilon = 0.100)
BETTER TREE FOUND at iteration 2: -137970.859
Estimate model parameters (epsilon = 0.100)
BETTER TREE FOUND at iteration 3: -137965.604
Estimate model parameters (epsilon = 0.100)
BETTER TREE FOUND at iteration 4: -137943.560
Iteration 10 / LogL: -138059.465 / Time: 0h:27m:32s
Iteration 20 / LogL: -138104.435 / Time: 0h:34m:52s
Finish initializing candidate tree set (20)
Current best tree score: -137943.560 / CPU time: 1246.844
Number of iterations: 20
--------------------------------------------------------------------
|               OPTIMIZING CANDIDATE TREE SET                      |
--------------------------------------------------------------------
Estimate model parameters (epsilon = 0.100)
BETTER TREE FOUND at iteration 21: -137901.844
Iteration 30 / LogL: -138123.729 / Time: 0h:44m:9s (2h:18m:31s left)
Estimate model parameters (epsilon = 0.100)
BETTER TREE FOUND at iteration 38: -137893.742
Estimate model parameters (epsilon = 0.100)
BETTER TREE FOUND at iteration 40: -137893.310
Iteration 40 / LogL: -137893.310 / Time: 0h:54m:47s (2h:20m:28s left)
Estimate model parameters (epsilon = 0.100)
BETTER TREE FOUND at iteration 45: -137881.758
Estimate model parameters (epsilon = 0.100)
BETTER TREE FOUND at iteration 46: -137838.141
Iteration 50 / LogL: -137865.492 / Time: 1h:23m:11s (2h:42m:57s left)
Log-likelihood cutoff on original alignment: -138077.532
Estimate model parameters (epsilon = 0.100)
BETTER TREE FOUND at iteration 54: -137837.179
Estimate model parameters (epsilon = 0.100)
BETTER TREE FOUND at iteration 55: -137832.539
Iteration 60 / LogL: -137881.219 / Time: 1h:31m:39s (2h:27m:33s left)
Estimate model parameters (epsilon = 0.100)
BETTER TREE FOUND at iteration 67: -137826.387
Estimate model parameters (epsilon = 0.100)
BETTER TREE FOUND at iteration 68: -137809.631
Estimate model parameters (epsilon = 0.100)
BETTER TREE FOUND at iteration 69: -137786.873
Estimate model parameters (epsilon = 0.100)
BETTER TREE FOUND at iteration 70: -137785.124
Iteration 70 / LogL: -137785.124 / Time: 1h:40m:9s (2h:25m:8s left)
Estimate model parameters (epsilon = 0.100)
BETTER TREE FOUND at iteration 78: -137778.679
Iteration 80 / LogL: -137812.616 / Time: 12h:32m:54s (15h:33m:58s left)
Estimate model parameters (epsilon = 0.100)
BETTER TREE FOUND at iteration 88: -137766.172
Iteration 90 / LogL: -137796.701 / Time: 12h:40m:41s (13h:57m:35s left)
Iteration 100 / LogL: -137823.574 / Time: 12h:47m:55s (11h:22m:35s left)
Log-likelihood cutoff on original alignment: -138025.572
NOTE: Bootstrap correlation coefficient of split occurrence frequencies: 0.947
NOTE: UFBoot does not converge, continue at least 100 more iterations
Iteration 110 / LogL: -137894.296 / Time: 12h:56m:26s (10h:41m:5s left)
Iteration 120 / LogL: -137804.761 / Time: 13h:4m:23s (8h:47m:18s left)
Iteration 130 / LogL: -137801.317 / Time: 13h:12m:23s (7h:9m:58s left)
Iteration 140 / LogL: -137811.974 / Time: 13h:20m:7s (5h:45m:22s left)
Iteration 150 / LogL: -137788.618 / Time: 13h:28m:47s (4h:31m:24s left)
Log-likelihood cutoff on original alignment: -138025.572
Iteration 160 / LogL: -137856.772 / Time: 13h:37m:20s (3h:25m:36s left)
Iteration 170 / LogL: -137884.471 / Time: 13h:45m:33s (2h:26m:32s left)
Iteration 180 / LogL: -137857.126 / Time: 13h:53m:43s (1h:33m:9s left)
Iteration 190 / LogL: -137846.511 / Time: 14h:1m:25s (0h:44m:31s left)
Iteration 200 / LogL: -137800.891 / Time: 14h:9m:31s (0h:0m:0s left)
Log-likelihood cutoff on original alignment: -138025.572
NOTE: Bootstrap correlation coefficient of split occurrence frequencies: 0.993
TREE SEARCH COMPLETED AFTER 200 ITERATIONS / Time: 14h:9m:35s

--------------------------------------------------------------------
|                    FINALIZING TREE SEARCH                        |
--------------------------------------------------------------------
Performs final model parameters optimization
Estimate model parameters (epsilon = 0.010)
1. Initial log-likelihood: -137766.172
2. Current log-likelihood: -137766.157
Optimal log-likelihood: -137766.141
Rate parameters:  A-C: 1.31891  A-G: 8.03409  A-T: 0.50092  C-G: 0.18718  C-T: 9.73096  G-T: 1.00000
Base frequencies:  A: 0.285  C: 0.221  G: 0.233  T: 0.261
Site proportion and rates:  (0.606,0.081) (0.119,1.499) (0.152,1.499) (0.113,3.918) (0.010,9.423) (0.000,34.044)
Parameters optimization took 2 rounds (19.739 sec)
BEST SCORE FOUND : -137766.141
Creating bootstrap support values...
Split supports printed to NEXUS file EA/Alignment/EA_combined_aligned.fasta.splits.nex
Total tree length: 2.835

Total number of iterations: 200
CPU time used for tree search: 43581.915 sec (12h:6m:21s)
Wall-clock time used for tree search: 50129.450 sec (13h:55m:29s)
Total CPU time used: 46904.845 sec (13h:1m:44s)
Total wall-clock time used: 50998.501 sec (14h:9m:58s)

Computing bootstrap consensus tree...
Reading input file EA/Alignment/EA_combined_aligned.fasta.splits.nex...
889 taxa and 5571 splits.
Consensus tree written to EA/Alignment/EA_combined_aligned.fasta.contree
Reading input trees file EA/Alignment/EA_combined_aligned.fasta.contree
Log-likelihood of consensus tree: -137771.595

Analysis results written to: 
  IQ-TREE report:                EA/Alignment/EA_combined_aligned.fasta.iqtree
  Maximum-likelihood tree:       EA/Alignment/EA_combined_aligned.fasta.treefile
  Likelihood distances:          EA/Alignment/EA_combined_aligned.fasta.mldist

Ultrafast bootstrap approximation results written to:
  Split support values:          EA/Alignment/EA_combined_aligned.fasta.splits.nex
  Consensus tree:                EA/Alignment/EA_combined_aligned.fasta.contree
  Screen log file:               EA/Alignment/EA_combined_aligned.fasta.log

Date and Time: Wed Jun 12 12:02:03 2024
